<?xml version="1.0" encoding="UTF-8"?>
<testsuite name="com.yanshao.yanimageload.ExampleUnitTest" tests="1" skipped="0" failures="0" errors="0" timestamp="2019-04-01T09:29:03" hostname="Y" time="0.002">
  <properties/>
  <testcase name="addition_isCorrect" classname="com.yanshao.yanimageload.ExampleUnitTest" time="0.002"/>
  <system-out><![CDATA[]]></system-out>
  <system-err><![CDATA[]]></system-err>
</testsuite>
